
> web-app@0.1.0 dev
> next dev -p 4000

  ▲ Next.js 14.2.5
  - Local:        http://localhost:4000

 ✓ Starting...
 ✓ Ready in 3s
 ⚠ Found a change in next.config.js. Restarting the server to apply the changes...
  ▲ Next.js 14.2.5
  - Local:        http://localhost:4000

 ✓ Starting...
 ⚠ Invalid next.config.js options detected: 
 ⚠     Unrecognized key(s) in object: 'appDir' at "experimental"
 ⚠ See more info here: https://nextjs.org/docs/messages/invalid-next-config
 ✓ Ready in 5.9s
 ⚠ Found a change in next.config.js. Restarting the server to apply the changes...
  ▲ Next.js 14.2.5
  - Local:        http://localhost:4000

 ✓ Starting...
 ⚠ Invalid next.config.js options detected: 
 ⚠     Unrecognized key(s) in object: 'appDir' at "experimental"
 ⚠ See more info here: https://nextjs.org/docs/messages/invalid-next-config
 ✓ Ready in 3s
 ⚠ Found a change in next.config.js. Restarting the server to apply the changes...
  ▲ Next.js 14.2.5
  - Local:        http://localhost:4000

 ✓ Starting...
 ⚠ Invalid next.config.js options detected: 
 ⚠     Unrecognized key(s) in object: 'appDir' at "experimental"
 ⚠ See more info here: https://nextjs.org/docs/messages/invalid-next-config
 ✓ Ready in 3.2s
 ⚠ Found a change in next.config.js. Restarting the server to apply the changes...
  ▲ Next.js 14.2.5
  - Local:        http://localhost:4000

 ✓ Starting...
 ✓ Ready in 3s
 ⚠ Found a change in next.config.js. Restarting the server to apply the changes...
  ▲ Next.js 14.2.5
  - Local:        http://localhost:4000

 ✓ Starting...
 ✓ Ready in 2.9s
 ○ Compiling /_not-found ...
 ✓ Compiled /_not-found in 12.3s (761 modules)
 ⨯ Error: Couldn't find next-intl config file. Please follow the instructions at https://next-intl.dev/docs/getting-started/app-router
    at RootLayout (./app/layout.tsx:33:86)
    at stringify (<anonymous>)
digest: "3732068056"
 ⨯ Error: Couldn't find next-intl config file. Please follow the instructions at https://next-intl.dev/docs/getting-started/app-router
    at RootLayout (./app/layout.tsx:33:86)
    at stringify (<anonymous>)
digest: "3732068056"
 GET /health 404 in 12598ms
 ✓ Compiled in 334ms (309 modules)
 ○ Compiling / ...
 ✓ Compiled / in 1626ms (789 modules)
 ⨯ Error: Couldn't find next-intl config file. Please follow the instructions at https://next-intl.dev/docs/getting-started/app-router
    at RootLayout (./app/layout.tsx:33:86)
    at stringify (<anonymous>)
digest: "3732068056"
 ⨯ Error: Couldn't find next-intl config file. Please follow the instructions at https://next-intl.dev/docs/getting-started/app-router
    at RootLayout (./app/layout.tsx:33:86)
    at stringify (<anonymous>)
digest: "3732068056"
 GET / 500 in 2224ms
 ⚠ Found a change in next.config.js. Restarting the server to apply the changes...
  ▲ Next.js 14.2.5
  - Local:        http://localhost:4000

 ✓ Starting...
 ✓ Ready in 3.9s
 ⚠ Found a change in next.config.js. Restarting the server to apply the changes...
  ▲ Next.js 14.2.5
  - Local:        http://localhost:4000

 ✓ Starting...
 ✓ Ready in 3.4s
 ⚠ Found a change in next.config.js. Restarting the server to apply the changes...
  ▲ Next.js 14.2.5
  - Local:        http://localhost:4000

 ✓ Starting...
 ✓ Ready in 3.1s
 ⚠ Found a change in next.config.js. Restarting the server to apply the changes...
  ▲ Next.js 14.2.5
  - Local:        http://localhost:4000

 ✓ Starting...
 ✓ Ready in 2.8s
 ⚠ Found a change in next.config.js. Restarting the server to apply the changes...
  ▲ Next.js 14.2.5
  - Local:        http://localhost:4000

 ✓ Starting...
 ✓ Ready in 2.4s
 ○ Compiling /_not-found ...
 ✓ Compiled /_not-found in 14.2s (763 modules)

The `locale` parameter in `getRequestConfig` is deprecated, please switch to `await requestLocale`. See https://next-intl.dev/blog/next-intl-3-22#await-request-locale


Unable to find `next-intl` locale because the middleware didn't run on this request. See https://next-intl.dev/docs/routing/middleware#unable-to-find-locale. The `notFound()` function will be called as a result.

 GET /health 404 in 14555ms
 ✓ Compiled in 444ms (309 modules)

Unable to find `next-intl` locale because the middleware didn't run on this request. See https://next-intl.dev/docs/routing/middleware#unable-to-find-locale. The `notFound()` function will be called as a result.

 GET /health 404 in 95ms
 ○ Compiling / ...
 ✓ Compiled / in 1684ms (791 modules)

The `locale` parameter in `getRequestConfig` is deprecated, please switch to `await requestLocale`. See https://next-intl.dev/blog/next-intl-3-22#await-request-locale


Unable to find `next-intl` locale because the middleware didn't run on this request. See https://next-intl.dev/docs/routing/middleware#unable-to-find-locale. The `notFound()` function will be called as a result.

 GET / 404 in 2000ms
   Reload env: .env.local
 ⚠ Fast Refresh had to perform a full reload due to a runtime error.
 ✓ Compiled in 8.5s (858 modules)
 GET / 200 in 3748ms

The `locale` parameter in `getRequestConfig` is deprecated, please switch to `await requestLocale`. See https://next-intl.dev/blog/next-intl-3-22#await-request-locale


Unable to find `next-intl` locale because the middleware didn't run on this request. See https://next-intl.dev/docs/routing/middleware#unable-to-find-locale. The `notFound()` function will be called as a result.


Unable to find `next-intl` locale because the middleware didn't run on this request. See https://next-intl.dev/docs/routing/middleware#unable-to-find-locale. The `notFound()` function will be called as a result.

 GET / 404 in 262ms
 ○ Compiling /_not-found ...
 ⚠ Fast Refresh had to perform a full reload due to a runtime error.
 ✓ Compiled /_not-found in 1202ms (780 modules)

The `locale` parameter in `getRequestConfig` is deprecated, please switch to `await requestLocale`. See https://next-intl.dev/blog/next-intl-3-22#await-request-locale


Unable to find `next-intl` locale because the middleware didn't run on this request. See https://next-intl.dev/docs/routing/middleware#unable-to-find-locale. The `notFound()` function will be called as a result.


Unable to find `next-intl` locale because the middleware didn't run on this request. See https://next-intl.dev/docs/routing/middleware#unable-to-find-locale. The `notFound()` function will be called as a result.

 GET /health 404 in 2285ms
 GET / 404 in 1497ms

Unable to find `next-intl` locale because the middleware didn't run on this request. See https://next-intl.dev/docs/routing/middleware#unable-to-find-locale. The `notFound()` function will be called as a result.

 GET /health 404 in 86ms

Unable to find `next-intl` locale because the middleware didn't run on this request. See https://next-intl.dev/docs/routing/middleware#unable-to-find-locale. The `notFound()` function will be called as a result.

 GET / 404 in 174ms

Unable to find `next-intl` locale because the middleware didn't run on this request. See https://next-intl.dev/docs/routing/middleware#unable-to-find-locale. The `notFound()` function will be called as a result.

 GET / 404 in 178ms
 ⚠ Found a change in next.config.js. Restarting the server to apply the changes...
  ▲ Next.js 14.2.5
  - Local:        http://localhost:4000
  - Environments: .env.local

 ✓ Starting...
 ✓ Ready in 5.9s
 ⚠ Found a change in next.config.js. Restarting the server to apply the changes...
  ▲ Next.js 14.2.5
  - Local:        http://localhost:4000
  - Environments: .env.local

 ✓ Starting...
 ✓ Ready in 3.2s
[?25h
